Conflict in state 150 between rule 52 and token TELSE resolved as shift.
State 16 contains 1 shift/reduce conflict.
State 26 contains 1 shift/reduce conflict.

Grammar
rule 1    mini_c -> translation_unit
rule 2    translation_unit -> external_dcl
rule 3    translation_unit -> translation_unit external_dcl
rule 4    external_dcl -> function_def
rule 5    external_dcl -> declaration
rule 6    function_def -> function_header compound_st
rule 7    function_header -> dcl_spec function_name formal_param
rule 8    dcl_spec -> dcl_specifiers
rule 9    dcl_specifiers -> dcl_specifier
rule 10   dcl_specifiers -> dcl_specifiers dcl_specifier
rule 11   dcl_specifier -> type_qualifier
rule 12   dcl_specifier -> type_specifier
rule 13   type_qualifier -> TCONST
rule 14   type_specifier -> TINT
rule 15   type_specifier -> TFNUMBER
rule 16   type_specifier -> TVOID
rule 17   function_name -> TIDENT
rule 18   formal_param -> TLPAREN opt_formal_param TRPAREN
rule 19   opt_formal_param -> formal_param_list
rule 20   opt_formal_param ->		/* empty */
rule 21   formal_param_list -> param_dcl
rule 22   formal_param_list -> formal_param_list TCOMMA param_dcl
rule 23   param_dcl -> dcl_spec declarator
rule 24   compound_st -> TLBRACE opt_dcl_list opt_stat_list TRBRACE
rule 25   opt_dcl_list -> declaration_list
rule 26   opt_dcl_list ->		/* empty */
rule 27   declaration_list -> declaration
rule 28   declaration_list -> declaration_list declaration
rule 29   declaration -> dcl_spec init_dcl_list TSEMICOLON
rule 30   init_dcl_list -> init_declarator
rule 31   init_dcl_list -> init_dcl_list TCOMMA init_declarator
rule 32   init_declarator -> declarator
rule 33   init_declarator -> declarator TASSIGN TFNUMBER
rule 34   init_declarator -> declarator TASSIGN TNUMBER
rule 35   declarator -> TIDENT
rule 36   declarator -> TIDENT TLBRACKET opt_number TRBRACKET
rule 37   opt_number -> TNUMBER
rule 38   opt_number -> TFNUMBER
rule 39   opt_number ->		/* empty */
rule 40   opt_stat_list -> statement_list
rule 41   opt_stat_list ->		/* empty */
rule 42   statement_list -> statement
rule 43   statement_list -> statement_list statement
rule 44   statement -> compound_st
rule 45   statement -> expression_st
rule 46   statement -> if_st
rule 47   statement -> while_st
rule 48   statement -> return_st
rule 49   expression_st -> opt_expression TSEMICOLON
rule 50   opt_expression -> expression
rule 51   opt_expression ->		/* empty */
rule 52   if_st -> TIF TLPAREN expression TRPAREN statement
rule 53   if_st -> TIF TLPAREN expression TRPAREN statement TELSE statement
rule 54   while_st -> TWHILE TLPAREN expression TRPAREN statement
rule 55   return_st -> TRETURN opt_expression TSEMICOLON
rule 56   expression -> assignment_exp
rule 57   assignment_exp -> logical_or_exp
rule 58   assignment_exp -> unary_exp TASSIGN assignment_exp
rule 59   assignment_exp -> unary_exp TADDASSIGN assignment_exp
rule 60   assignment_exp -> unary_exp TSUBASSIGN assignment_exp
rule 61   assignment_exp -> unary_exp TMULASSIGN assignment_exp
rule 62   assignment_exp -> unary_exp TDIVASSGIN assignment_exp
rule 63   assignment_exp -> unary_exp TMODASSIGN assignment_exp
rule 64   logical_or_exp -> logical_and_exp
rule 65   logical_or_exp -> logical_or_exp TOR logical_and_exp
rule 66   logical_and_exp -> equality_exp
rule 67   logical_and_exp -> logical_and_exp TAND equality_exp
rule 68   equality_exp -> relational_exp
rule 69   equality_exp -> equality_exp TEQUAL relational_exp
rule 70   equality_exp -> equality_exp TNOTEQU relational_exp
rule 71   relational_exp -> additive_exp
rule 72   relational_exp -> relational_exp TGREAT additive_exp
rule 73   relational_exp -> relational_exp TLESS additive_exp
rule 74   relational_exp -> relational_exp TGREATE additive_exp
rule 75   relational_exp -> relational_exp TLESSE additive_exp
rule 76   additive_exp -> multiplicative_exp
rule 77   additive_exp -> additive_exp TPLUS multiplicative_exp
rule 78   additive_exp -> additive_exp TMINUS multiplicative_exp
rule 79   multiplicative_exp -> unary_exp
rule 80   multiplicative_exp -> multiplicative_exp TMUL unary_exp
rule 81   multiplicative_exp -> multiplicative_exp TDIV unary_exp
rule 82   multiplicative_exp -> multiplicative_exp TMOD unary_exp
rule 83   unary_exp -> postfix_exp
rule 84   unary_exp -> TMINUS unary_exp
rule 85   unary_exp -> TNOT unary_exp
rule 86   unary_exp -> TINC unary_exp
rule 87   unary_exp -> TDEC unary_exp
rule 88   postfix_exp -> primary_exp
rule 89   postfix_exp -> postfix_exp TLBRACKET expression TRBRACKET
rule 90   postfix_exp -> postfix_exp TLPAREN opt_actual_param TRPAREN
rule 91   postfix_exp -> postfix_exp TINC
rule 92   postfix_exp -> postfix_exp TDEC
rule 93   opt_actual_param -> actual_param
rule 94   opt_actual_param ->		/* empty */
rule 95   actual_param -> actual_param_list
rule 96   actual_param_list -> assignment_exp
rule 97   actual_param_list -> actual_param_list TCOMMA assignment_exp
rule 98   primary_exp -> TIDENT
rule 99   primary_exp -> TNUMBER
rule 100  primary_exp -> TFNUMBER
rule 101  primary_exp -> TLPAREN expression TRPAREN

Terminals, with rules where they appear

$ (-1)
error (256)
TIDENT (258) 17 35 36 98
TNUMBER (259) 34 37 99
TFNUMBER (260) 15 33 38 100
TCONST (261) 13
TELSE (262) 53
TIF (263) 52 53
TINT (264) 14
TRETURN (265) 55
TVOID (266) 16
TWHILE (267) 54
TADDASSIGN (268) 59
TSUBASSIGN (269) 60
TMULASSIGN (270) 61
TDIVASSGIN (271) 62
TMODASSIGN (272) 63
TOR (273) 65
TAND (274) 67
TEQUAL (275) 69
TNOTEQU (276) 70
TGREAT (277) 72
TLESS (278) 73
TGREATE (279) 74
TLESSE (280) 75
TINC (281) 86 91
TDEC (282) 87 92
TPLUS (283) 77
TMINUS (284) 78 84
TMUL (285) 80
TDIV (286) 81
TMOD (287) 82
TNOT (288) 85
TASSIGN (289) 33 34 58
TLPAREN (290) 18 52 53 54 90 101
TRPAREN (291) 18 52 53 54 90 101
TCOMMA (292) 22 31 97
TSEMICOLON (293) 29 49 55
TLBRACKET (294) 36 89
TRBRACKET (295) 36 89
TLBRACE (296) 24
TRBRACE (297) 24
TLOWER_THEN_ELSE (298)

Nonterminals, with rules where they appear

mini_c (44)
    on left: 1
translation_unit (45)
    on left: 2 3, on right: 1 3
external_dcl (46)
    on left: 4 5, on right: 2 3
function_def (47)
    on left: 6, on right: 4
function_header (48)
    on left: 7, on right: 6
dcl_spec (49)
    on left: 8, on right: 7 23 29
dcl_specifiers (50)
    on left: 9 10, on right: 8 10
dcl_specifier (51)
    on left: 11 12, on right: 9 10
type_qualifier (52)
    on left: 13, on right: 11
type_specifier (53)
    on left: 14 15 16, on right: 12
function_name (54)
    on left: 17, on right: 7
formal_param (55)
    on left: 18, on right: 7
opt_formal_param (56)
    on left: 19 20, on right: 18
formal_param_list (57)
    on left: 21 22, on right: 19 22
param_dcl (58)
    on left: 23, on right: 21 22
compound_st (59)
    on left: 24, on right: 6 44
opt_dcl_list (60)
    on left: 25 26, on right: 24
declaration_list (61)
    on left: 27 28, on right: 25 28
declaration (62)
    on left: 29, on right: 5 27 28
init_dcl_list (63)
    on left: 30 31, on right: 29 31
init_declarator (64)
    on left: 32 33 34, on right: 30 31
declarator (65)
    on left: 35 36, on right: 23 32 33 34
opt_number (66)
    on left: 37 38 39, on right: 36
opt_stat_list (67)
    on left: 40 41, on right: 24
statement_list (68)
    on left: 42 43, on right: 40 43
statement (69)
    on left: 44 45 46 47 48, on right: 42 43 52 53 54
expression_st (70)
    on left: 49, on right: 45
opt_expression (71)
    on left: 50 51, on right: 49 55
if_st (72)
    on left: 52 53, on right: 46
while_st (73)
    on left: 54, on right: 47
return_st (74)
    on left: 55, on right: 48
expression (75)
    on left: 56, on right: 50 52 53 54 89 101
assignment_exp (76)
    on left: 57 58 59 60 61 62 63, on right: 56 58 59 60 61 62 63 96
    97
logical_or_exp (77)
    on left: 64 65, on right: 57 65
logical_and_exp (78)
    on left: 66 67, on right: 64 65 67
equality_exp (79)
    on left: 68 69 70, on right: 66 67 69 70
relational_exp (80)
    on left: 71 72 73 74 75, on right: 68 69 70 72 73 74 75
additive_exp (81)
    on left: 76 77 78, on right: 71 72 73 74 75 77 78
multiplicative_exp (82)
    on left: 79 80 81 82, on right: 76 77 78 80 81 82
unary_exp (83)
    on left: 83 84 85 86 87, on right: 58 59 60 61 62 63 79 80 81 82
    84 85 86 87
postfix_exp (84)
    on left: 88 89 90 91 92, on right: 83 89 90 91 92
opt_actual_param (85)
    on left: 93 94, on right: 90
actual_param (86)
    on left: 95, on right: 93
actual_param_list (87)
    on left: 96 97, on right: 95 97
primary_exp (88)
    on left: 98 99 100 101, on right: 88


state 0

    TFNUMBER	shift, and go to state 1
    TCONST	shift, and go to state 2
    TINT	shift, and go to state 3
    TVOID	shift, and go to state 4

    mini_c	go to state 155
    translation_unit	go to state 5
    external_dcl	go to state 6
    function_def	go to state 7
    function_header	go to state 8
    dcl_spec	go to state 9
    dcl_specifiers	go to state 10
    dcl_specifier	go to state 11
    type_qualifier	go to state 12
    type_specifier	go to state 13
    declaration	go to state 14



state 1

    type_specifier  ->  TFNUMBER .   (rule 15)

    $default	reduce using rule 15 (type_specifier)



state 2

    type_qualifier  ->  TCONST .   (rule 13)

    $default	reduce using rule 13 (type_qualifier)



state 3

    type_specifier  ->  TINT .   (rule 14)

    $default	reduce using rule 14 (type_specifier)



state 4

    type_specifier  ->  TVOID .   (rule 16)

    $default	reduce using rule 16 (type_specifier)



state 5

    mini_c  ->  translation_unit .   (rule 1)
    translation_unit  ->  translation_unit . external_dcl   (rule 3)

    TFNUMBER	shift, and go to state 1
    TCONST	shift, and go to state 2
    TINT	shift, and go to state 3
    TVOID	shift, and go to state 4

    $default	reduce using rule 1 (mini_c)

    external_dcl	go to state 15
    function_def	go to state 7
    function_header	go to state 8
    dcl_spec	go to state 9
    dcl_specifiers	go to state 10
    dcl_specifier	go to state 11
    type_qualifier	go to state 12
    type_specifier	go to state 13
    declaration	go to state 14



state 6

    translation_unit  ->  external_dcl .   (rule 2)

    $default	reduce using rule 2 (translation_unit)



state 7

    external_dcl  ->  function_def .   (rule 4)

    $default	reduce using rule 4 (external_dcl)



state 8

    function_def  ->  function_header . compound_st   (rule 6)

    TLBRACE	shift, and go to state 16

    compound_st	go to state 17



state 9

    function_header  ->  dcl_spec . function_name formal_param   (rule 7)
    declaration  ->  dcl_spec . init_dcl_list TSEMICOLON   (rule 29)

    TIDENT	shift, and go to state 18

    function_name	go to state 19
    init_dcl_list	go to state 20
    init_declarator	go to state 21
    declarator	go to state 22



state 10

    dcl_spec  ->  dcl_specifiers .   (rule 8)
    dcl_specifiers  ->  dcl_specifiers . dcl_specifier   (rule 10)

    TFNUMBER	shift, and go to state 1
    TCONST	shift, and go to state 2
    TINT	shift, and go to state 3
    TVOID	shift, and go to state 4

    $default	reduce using rule 8 (dcl_spec)

    dcl_specifier	go to state 23
    type_qualifier	go to state 12
    type_specifier	go to state 13



state 11

    dcl_specifiers  ->  dcl_specifier .   (rule 9)

    $default	reduce using rule 9 (dcl_specifiers)



state 12

    dcl_specifier  ->  type_qualifier .   (rule 11)

    $default	reduce using rule 11 (dcl_specifier)



state 13

    dcl_specifier  ->  type_specifier .   (rule 12)

    $default	reduce using rule 12 (dcl_specifier)



state 14

    external_dcl  ->  declaration .   (rule 5)

    $default	reduce using rule 5 (external_dcl)



state 15

    translation_unit  ->  translation_unit external_dcl .   (rule 3)

    $default	reduce using rule 3 (translation_unit)



state 16

    compound_st  ->  TLBRACE . opt_dcl_list opt_stat_list TRBRACE   (rule 24)

    TFNUMBER	shift, and go to state 1
    TCONST	shift, and go to state 2
    TINT	shift, and go to state 3
    TVOID	shift, and go to state 4

    TFNUMBER	[reduce using rule 26 (opt_dcl_list)]
    $default	reduce using rule 26 (opt_dcl_list)

    dcl_spec	go to state 24
    dcl_specifiers	go to state 10
    dcl_specifier	go to state 11
    type_qualifier	go to state 12
    type_specifier	go to state 13
    opt_dcl_list	go to state 25
    declaration_list	go to state 26
    declaration	go to state 27



state 17

    function_def  ->  function_header compound_st .   (rule 6)

    $default	reduce using rule 6 (function_def)



state 18

    function_name  ->  TIDENT .   (rule 17)
    declarator  ->  TIDENT .   (rule 35)
    declarator  ->  TIDENT . TLBRACKET opt_number TRBRACKET   (rule 36)

    TLBRACKET	shift, and go to state 28

    TLPAREN	reduce using rule 17 (function_name)
    $default	reduce using rule 35 (declarator)



state 19

    function_header  ->  dcl_spec function_name . formal_param   (rule 7)

    TLPAREN	shift, and go to state 29

    formal_param	go to state 30



state 20

    declaration  ->  dcl_spec init_dcl_list . TSEMICOLON   (rule 29)
    init_dcl_list  ->  init_dcl_list . TCOMMA init_declarator   (rule 31)

    TCOMMA	shift, and go to state 31
    TSEMICOLON	shift, and go to state 32



state 21

    init_dcl_list  ->  init_declarator .   (rule 30)

    $default	reduce using rule 30 (init_dcl_list)



state 22

    init_declarator  ->  declarator .   (rule 32)
    init_declarator  ->  declarator . TASSIGN TFNUMBER   (rule 33)
    init_declarator  ->  declarator . TASSIGN TNUMBER   (rule 34)

    TASSIGN	shift, and go to state 33

    $default	reduce using rule 32 (init_declarator)



state 23

    dcl_specifiers  ->  dcl_specifiers dcl_specifier .   (rule 10)

    $default	reduce using rule 10 (dcl_specifiers)



state 24

    declaration  ->  dcl_spec . init_dcl_list TSEMICOLON   (rule 29)

    TIDENT	shift, and go to state 34

    init_dcl_list	go to state 20
    init_declarator	go to state 21
    declarator	go to state 22



state 25

    compound_st  ->  TLBRACE opt_dcl_list . opt_stat_list TRBRACE   (rule 24)

    TIDENT	shift, and go to state 35
    TNUMBER	shift, and go to state 36
    TFNUMBER	shift, and go to state 37
    TIF 	shift, and go to state 38
    TRETURN	shift, and go to state 39
    TWHILE	shift, and go to state 40
    TINC	shift, and go to state 41
    TDEC	shift, and go to state 42
    TMINUS	shift, and go to state 43
    TNOT	shift, and go to state 44
    TLPAREN	shift, and go to state 45
    TLBRACE	shift, and go to state 16

    TSEMICOLON	reduce using rule 51 (opt_expression)
    $default	reduce using rule 41 (opt_stat_list)

    compound_st	go to state 46
    opt_stat_list	go to state 47
    statement_list	go to state 48
    statement	go to state 49
    expression_st	go to state 50
    opt_expression	go to state 51
    if_st	go to state 52
    while_st	go to state 53
    return_st	go to state 54
    expression	go to state 55
    assignment_exp	go to state 56
    logical_or_exp	go to state 57
    logical_and_exp	go to state 58
    equality_exp	go to state 59
    relational_exp	go to state 60
    additive_exp	go to state 61
    multiplicative_exp	go to state 62
    unary_exp	go to state 63
    postfix_exp	go to state 64
    primary_exp	go to state 65



state 26

    opt_dcl_list  ->  declaration_list .   (rule 25)
    declaration_list  ->  declaration_list . declaration   (rule 28)

    TFNUMBER	shift, and go to state 1
    TCONST	shift, and go to state 2
    TINT	shift, and go to state 3
    TVOID	shift, and go to state 4

    TFNUMBER	[reduce using rule 25 (opt_dcl_list)]
    $default	reduce using rule 25 (opt_dcl_list)

    dcl_spec	go to state 24
    dcl_specifiers	go to state 10
    dcl_specifier	go to state 11
    type_qualifier	go to state 12
    type_specifier	go to state 13
    declaration	go to state 66



state 27

    declaration_list  ->  declaration .   (rule 27)

    $default	reduce using rule 27 (declaration_list)



state 28

    declarator  ->  TIDENT TLBRACKET . opt_number TRBRACKET   (rule 36)

    TNUMBER	shift, and go to state 67
    TFNUMBER	shift, and go to state 68

    $default	reduce using rule 39 (opt_number)

    opt_number	go to state 69



state 29

    formal_param  ->  TLPAREN . opt_formal_param TRPAREN   (rule 18)

    TFNUMBER	shift, and go to state 1
    TCONST	shift, and go to state 2
    TINT	shift, and go to state 3
    TVOID	shift, and go to state 4

    $default	reduce using rule 20 (opt_formal_param)

    dcl_spec	go to state 70
    dcl_specifiers	go to state 10
    dcl_specifier	go to state 11
    type_qualifier	go to state 12
    type_specifier	go to state 13
    opt_formal_param	go to state 71
    formal_param_list	go to state 72
    param_dcl	go to state 73



state 30

    function_header  ->  dcl_spec function_name formal_param .   (rule 7)

    $default	reduce using rule 7 (function_header)



state 31

    init_dcl_list  ->  init_dcl_list TCOMMA . init_declarator   (rule 31)

    TIDENT	shift, and go to state 34

    init_declarator	go to state 74
    declarator	go to state 22



state 32

    declaration  ->  dcl_spec init_dcl_list TSEMICOLON .   (rule 29)

    $default	reduce using rule 29 (declaration)



state 33

    init_declarator  ->  declarator TASSIGN . TFNUMBER   (rule 33)
    init_declarator  ->  declarator TASSIGN . TNUMBER   (rule 34)

    TNUMBER	shift, and go to state 75
    TFNUMBER	shift, and go to state 76



state 34

    declarator  ->  TIDENT .   (rule 35)
    declarator  ->  TIDENT . TLBRACKET opt_number TRBRACKET   (rule 36)

    TLBRACKET	shift, and go to state 28

    $default	reduce using rule 35 (declarator)



state 35

    primary_exp  ->  TIDENT .   (rule 98)

    $default	reduce using rule 98 (primary_exp)



state 36

    primary_exp  ->  TNUMBER .   (rule 99)

    $default	reduce using rule 99 (primary_exp)



state 37

    primary_exp  ->  TFNUMBER .   (rule 100)

    $default	reduce using rule 100 (primary_exp)



state 38

    if_st  ->  TIF . TLPAREN expression TRPAREN statement   (rule 52)
    if_st  ->  TIF . TLPAREN expression TRPAREN statement TELSE statement   (rule 53)

    TLPAREN	shift, and go to state 77



state 39

    return_st  ->  TRETURN . opt_expression TSEMICOLON   (rule 55)

    TIDENT	shift, and go to state 35
    TNUMBER	shift, and go to state 36
    TFNUMBER	shift, and go to state 37
    TINC	shift, and go to state 41
    TDEC	shift, and go to state 42
    TMINUS	shift, and go to state 43
    TNOT	shift, and go to state 44
    TLPAREN	shift, and go to state 45

    $default	reduce using rule 51 (opt_expression)

    opt_expression	go to state 78
    expression	go to state 55
    assignment_exp	go to state 56
    logical_or_exp	go to state 57
    logical_and_exp	go to state 58
    equality_exp	go to state 59
    relational_exp	go to state 60
    additive_exp	go to state 61
    multiplicative_exp	go to state 62
    unary_exp	go to state 63
    postfix_exp	go to state 64
    primary_exp	go to state 65



state 40

    while_st  ->  TWHILE . TLPAREN expression TRPAREN statement   (rule 54)

    TLPAREN	shift, and go to state 79



state 41

    unary_exp  ->  TINC . unary_exp   (rule 86)

    TIDENT	shift, and go to state 35
    TNUMBER	shift, and go to state 36
    TFNUMBER	shift, and go to state 37
    TINC	shift, and go to state 41
    TDEC	shift, and go to state 42
    TMINUS	shift, and go to state 43
    TNOT	shift, and go to state 44
    TLPAREN	shift, and go to state 45

    unary_exp	go to state 80
    postfix_exp	go to state 64
    primary_exp	go to state 65



state 42

    unary_exp  ->  TDEC . unary_exp   (rule 87)

    TIDENT	shift, and go to state 35
    TNUMBER	shift, and go to state 36
    TFNUMBER	shift, and go to state 37
    TINC	shift, and go to state 41
    TDEC	shift, and go to state 42
    TMINUS	shift, and go to state 43
    TNOT	shift, and go to state 44
    TLPAREN	shift, and go to state 45

    unary_exp	go to state 81
    postfix_exp	go to state 64
    primary_exp	go to state 65



state 43

    unary_exp  ->  TMINUS . unary_exp   (rule 84)

    TIDENT	shift, and go to state 35
    TNUMBER	shift, and go to state 36
    TFNUMBER	shift, and go to state 37
    TINC	shift, and go to state 41
    TDEC	shift, and go to state 42
    TMINUS	shift, and go to state 43
    TNOT	shift, and go to state 44
    TLPAREN	shift, and go to state 45

    unary_exp	go to state 82
    postfix_exp	go to state 64
    primary_exp	go to state 65



state 44

    unary_exp  ->  TNOT . unary_exp   (rule 85)

    TIDENT	shift, and go to state 35
    TNUMBER	shift, and go to state 36
    TFNUMBER	shift, and go to state 37
    TINC	shift, and go to state 41
    TDEC	shift, and go to state 42
    TMINUS	shift, and go to state 43
    TNOT	shift, and go to state 44
    TLPAREN	shift, and go to state 45

    unary_exp	go to state 83
    postfix_exp	go to state 64
    primary_exp	go to state 65



state 45

    primary_exp  ->  TLPAREN . expression TRPAREN   (rule 101)

    TIDENT	shift, and go to state 35
    TNUMBER	shift, and go to state 36
    TFNUMBER	shift, and go to state 37
    TINC	shift, and go to state 41
    TDEC	shift, and go to state 42
    TMINUS	shift, and go to state 43
    TNOT	shift, and go to state 44
    TLPAREN	shift, and go to state 45

    expression	go to state 84
    assignment_exp	go to state 56
    logical_or_exp	go to state 57
    logical_and_exp	go to state 58
    equality_exp	go to state 59
    relational_exp	go to state 60
    additive_exp	go to state 61
    multiplicative_exp	go to state 62
    unary_exp	go to state 63
    postfix_exp	go to state 64
    primary_exp	go to state 65



state 46

    statement  ->  compound_st .   (rule 44)

    $default	reduce using rule 44 (statement)



state 47

    compound_st  ->  TLBRACE opt_dcl_list opt_stat_list . TRBRACE   (rule 24)

    TRBRACE	shift, and go to state 85



state 48

    opt_stat_list  ->  statement_list .   (rule 40)
    statement_list  ->  statement_list . statement   (rule 43)

    TIDENT	shift, and go to state 35
    TNUMBER	shift, and go to state 36
    TFNUMBER	shift, and go to state 37
    TIF 	shift, and go to state 38
    TRETURN	shift, and go to state 39
    TWHILE	shift, and go to state 40
    TINC	shift, and go to state 41
    TDEC	shift, and go to state 42
    TMINUS	shift, and go to state 43
    TNOT	shift, and go to state 44
    TLPAREN	shift, and go to state 45
    TLBRACE	shift, and go to state 16

    TSEMICOLON	reduce using rule 51 (opt_expression)
    $default	reduce using rule 40 (opt_stat_list)

    compound_st	go to state 46
    statement	go to state 86
    expression_st	go to state 50
    opt_expression	go to state 51
    if_st	go to state 52
    while_st	go to state 53
    return_st	go to state 54
    expression	go to state 55
    assignment_exp	go to state 56
    logical_or_exp	go to state 57
    logical_and_exp	go to state 58
    equality_exp	go to state 59
    relational_exp	go to state 60
    additive_exp	go to state 61
    multiplicative_exp	go to state 62
    unary_exp	go to state 63
    postfix_exp	go to state 64
    primary_exp	go to state 65



state 49

    statement_list  ->  statement .   (rule 42)

    $default	reduce using rule 42 (statement_list)



state 50

    statement  ->  expression_st .   (rule 45)

    $default	reduce using rule 45 (statement)



state 51

    expression_st  ->  opt_expression . TSEMICOLON   (rule 49)

    TSEMICOLON	shift, and go to state 87



state 52

    statement  ->  if_st .   (rule 46)

    $default	reduce using rule 46 (statement)



state 53

    statement  ->  while_st .   (rule 47)

    $default	reduce using rule 47 (statement)



state 54

    statement  ->  return_st .   (rule 48)

    $default	reduce using rule 48 (statement)



state 55

    opt_expression  ->  expression .   (rule 50)

    $default	reduce using rule 50 (opt_expression)



state 56

    expression  ->  assignment_exp .   (rule 56)

    $default	reduce using rule 56 (expression)



state 57

    assignment_exp  ->  logical_or_exp .   (rule 57)
    logical_or_exp  ->  logical_or_exp . TOR logical_and_exp   (rule 65)

    TOR 	shift, and go to state 88

    $default	reduce using rule 57 (assignment_exp)



state 58

    logical_or_exp  ->  logical_and_exp .   (rule 64)
    logical_and_exp  ->  logical_and_exp . TAND equality_exp   (rule 67)

    TAND	shift, and go to state 89

    $default	reduce using rule 64 (logical_or_exp)



state 59

    logical_and_exp  ->  equality_exp .   (rule 66)
    equality_exp  ->  equality_exp . TEQUAL relational_exp   (rule 69)
    equality_exp  ->  equality_exp . TNOTEQU relational_exp   (rule 70)

    TEQUAL	shift, and go to state 90
    TNOTEQU	shift, and go to state 91

    $default	reduce using rule 66 (logical_and_exp)



state 60

    equality_exp  ->  relational_exp .   (rule 68)
    relational_exp  ->  relational_exp . TGREAT additive_exp   (rule 72)
    relational_exp  ->  relational_exp . TLESS additive_exp   (rule 73)
    relational_exp  ->  relational_exp . TGREATE additive_exp   (rule 74)
    relational_exp  ->  relational_exp . TLESSE additive_exp   (rule 75)

    TGREAT	shift, and go to state 92
    TLESS	shift, and go to state 93
    TGREATE	shift, and go to state 94
    TLESSE	shift, and go to state 95

    $default	reduce using rule 68 (equality_exp)



state 61

    relational_exp  ->  additive_exp .   (rule 71)
    additive_exp  ->  additive_exp . TPLUS multiplicative_exp   (rule 77)
    additive_exp  ->  additive_exp . TMINUS multiplicative_exp   (rule 78)

    TPLUS	shift, and go to state 96
    TMINUS	shift, and go to state 97

    $default	reduce using rule 71 (relational_exp)



state 62

    additive_exp  ->  multiplicative_exp .   (rule 76)
    multiplicative_exp  ->  multiplicative_exp . TMUL unary_exp   (rule 80)
    multiplicative_exp  ->  multiplicative_exp . TDIV unary_exp   (rule 81)
    multiplicative_exp  ->  multiplicative_exp . TMOD unary_exp   (rule 82)

    TMUL	shift, and go to state 98
    TDIV	shift, and go to state 99
    TMOD	shift, and go to state 100

    $default	reduce using rule 76 (additive_exp)



state 63

    assignment_exp  ->  unary_exp . TASSIGN assignment_exp   (rule 58)
    assignment_exp  ->  unary_exp . TADDASSIGN assignment_exp   (rule 59)
    assignment_exp  ->  unary_exp . TSUBASSIGN assignment_exp   (rule 60)
    assignment_exp  ->  unary_exp . TMULASSIGN assignment_exp   (rule 61)
    assignment_exp  ->  unary_exp . TDIVASSGIN assignment_exp   (rule 62)
    assignment_exp  ->  unary_exp . TMODASSIGN assignment_exp   (rule 63)
    multiplicative_exp  ->  unary_exp .   (rule 79)

    TADDASSIGN	shift, and go to state 101
    TSUBASSIGN	shift, and go to state 102
    TMULASSIGN	shift, and go to state 103
    TDIVASSGIN	shift, and go to state 104
    TMODASSIGN	shift, and go to state 105
    TASSIGN	shift, and go to state 106

    $default	reduce using rule 79 (multiplicative_exp)



state 64

    unary_exp  ->  postfix_exp .   (rule 83)
    postfix_exp  ->  postfix_exp . TLBRACKET expression TRBRACKET   (rule 89)
    postfix_exp  ->  postfix_exp . TLPAREN opt_actual_param TRPAREN   (rule 90)
    postfix_exp  ->  postfix_exp . TINC   (rule 91)
    postfix_exp  ->  postfix_exp . TDEC   (rule 92)

    TINC	shift, and go to state 107
    TDEC	shift, and go to state 108
    TLPAREN	shift, and go to state 109
    TLBRACKET	shift, and go to state 110

    $default	reduce using rule 83 (unary_exp)



state 65

    postfix_exp  ->  primary_exp .   (rule 88)

    $default	reduce using rule 88 (postfix_exp)



state 66

    declaration_list  ->  declaration_list declaration .   (rule 28)

    $default	reduce using rule 28 (declaration_list)



state 67

    opt_number  ->  TNUMBER .   (rule 37)

    $default	reduce using rule 37 (opt_number)



state 68

    opt_number  ->  TFNUMBER .   (rule 38)

    $default	reduce using rule 38 (opt_number)



state 69

    declarator  ->  TIDENT TLBRACKET opt_number . TRBRACKET   (rule 36)

    TRBRACKET	shift, and go to state 111



state 70

    param_dcl  ->  dcl_spec . declarator   (rule 23)

    TIDENT	shift, and go to state 34

    declarator	go to state 112



state 71

    formal_param  ->  TLPAREN opt_formal_param . TRPAREN   (rule 18)

    TRPAREN	shift, and go to state 113



state 72

    opt_formal_param  ->  formal_param_list .   (rule 19)
    formal_param_list  ->  formal_param_list . TCOMMA param_dcl   (rule 22)

    TCOMMA	shift, and go to state 114

    $default	reduce using rule 19 (opt_formal_param)



state 73

    formal_param_list  ->  param_dcl .   (rule 21)

    $default	reduce using rule 21 (formal_param_list)



state 74

    init_dcl_list  ->  init_dcl_list TCOMMA init_declarator .   (rule 31)

    $default	reduce using rule 31 (init_dcl_list)



state 75

    init_declarator  ->  declarator TASSIGN TNUMBER .   (rule 34)

    $default	reduce using rule 34 (init_declarator)



state 76

    init_declarator  ->  declarator TASSIGN TFNUMBER .   (rule 33)

    $default	reduce using rule 33 (init_declarator)



state 77

    if_st  ->  TIF TLPAREN . expression TRPAREN statement   (rule 52)
    if_st  ->  TIF TLPAREN . expression TRPAREN statement TELSE statement   (rule 53)

    TIDENT	shift, and go to state 35
    TNUMBER	shift, and go to state 36
    TFNUMBER	shift, and go to state 37
    TINC	shift, and go to state 41
    TDEC	shift, and go to state 42
    TMINUS	shift, and go to state 43
    TNOT	shift, and go to state 44
    TLPAREN	shift, and go to state 45

    expression	go to state 115
    assignment_exp	go to state 56
    logical_or_exp	go to state 57
    logical_and_exp	go to state 58
    equality_exp	go to state 59
    relational_exp	go to state 60
    additive_exp	go to state 61
    multiplicative_exp	go to state 62
    unary_exp	go to state 63
    postfix_exp	go to state 64
    primary_exp	go to state 65



state 78

    return_st  ->  TRETURN opt_expression . TSEMICOLON   (rule 55)

    TSEMICOLON	shift, and go to state 116



state 79

    while_st  ->  TWHILE TLPAREN . expression TRPAREN statement   (rule 54)

    TIDENT	shift, and go to state 35
    TNUMBER	shift, and go to state 36
    TFNUMBER	shift, and go to state 37
    TINC	shift, and go to state 41
    TDEC	shift, and go to state 42
    TMINUS	shift, and go to state 43
    TNOT	shift, and go to state 44
    TLPAREN	shift, and go to state 45

    expression	go to state 117
    assignment_exp	go to state 56
    logical_or_exp	go to state 57
    logical_and_exp	go to state 58
    equality_exp	go to state 59
    relational_exp	go to state 60
    additive_exp	go to state 61
    multiplicative_exp	go to state 62
    unary_exp	go to state 63
    postfix_exp	go to state 64
    primary_exp	go to state 65



state 80

    unary_exp  ->  TINC unary_exp .   (rule 86)

    $default	reduce using rule 86 (unary_exp)



state 81

    unary_exp  ->  TDEC unary_exp .   (rule 87)

    $default	reduce using rule 87 (unary_exp)



state 82

    unary_exp  ->  TMINUS unary_exp .   (rule 84)

    $default	reduce using rule 84 (unary_exp)



state 83

    unary_exp  ->  TNOT unary_exp .   (rule 85)

    $default	reduce using rule 85 (unary_exp)



state 84

    primary_exp  ->  TLPAREN expression . TRPAREN   (rule 101)

    TRPAREN	shift, and go to state 118



state 85

    compound_st  ->  TLBRACE opt_dcl_list opt_stat_list TRBRACE .   (rule 24)

    $default	reduce using rule 24 (compound_st)



state 86

    statement_list  ->  statement_list statement .   (rule 43)

    $default	reduce using rule 43 (statement_list)



state 87

    expression_st  ->  opt_expression TSEMICOLON .   (rule 49)

    $default	reduce using rule 49 (expression_st)



state 88

    logical_or_exp  ->  logical_or_exp TOR . logical_and_exp   (rule 65)

    TIDENT	shift, and go to state 35
    TNUMBER	shift, and go to state 36
    TFNUMBER	shift, and go to state 37
    TINC	shift, and go to state 41
    TDEC	shift, and go to state 42
    TMINUS	shift, and go to state 43
    TNOT	shift, and go to state 44
    TLPAREN	shift, and go to state 45

    logical_and_exp	go to state 119
    equality_exp	go to state 59
    relational_exp	go to state 60
    additive_exp	go to state 61
    multiplicative_exp	go to state 62
    unary_exp	go to state 120
    postfix_exp	go to state 64
    primary_exp	go to state 65



state 89

    logical_and_exp  ->  logical_and_exp TAND . equality_exp   (rule 67)

    TIDENT	shift, and go to state 35
    TNUMBER	shift, and go to state 36
    TFNUMBER	shift, and go to state 37
    TINC	shift, and go to state 41
    TDEC	shift, and go to state 42
    TMINUS	shift, and go to state 43
    TNOT	shift, and go to state 44
    TLPAREN	shift, and go to state 45

    equality_exp	go to state 121
    relational_exp	go to state 60
    additive_exp	go to state 61
    multiplicative_exp	go to state 62
    unary_exp	go to state 120
    postfix_exp	go to state 64
    primary_exp	go to state 65



state 90

    equality_exp  ->  equality_exp TEQUAL . relational_exp   (rule 69)

    TIDENT	shift, and go to state 35
    TNUMBER	shift, and go to state 36
    TFNUMBER	shift, and go to state 37
    TINC	shift, and go to state 41
    TDEC	shift, and go to state 42
    TMINUS	shift, and go to state 43
    TNOT	shift, and go to state 44
    TLPAREN	shift, and go to state 45

    relational_exp	go to state 122
    additive_exp	go to state 61
    multiplicative_exp	go to state 62
    unary_exp	go to state 120
    postfix_exp	go to state 64
    primary_exp	go to state 65



state 91

    equality_exp  ->  equality_exp TNOTEQU . relational_exp   (rule 70)

    TIDENT	shift, and go to state 35
    TNUMBER	shift, and go to state 36
    TFNUMBER	shift, and go to state 37
    TINC	shift, and go to state 41
    TDEC	shift, and go to state 42
    TMINUS	shift, and go to state 43
    TNOT	shift, and go to state 44
    TLPAREN	shift, and go to state 45

    relational_exp	go to state 123
    additive_exp	go to state 61
    multiplicative_exp	go to state 62
    unary_exp	go to state 120
    postfix_exp	go to state 64
    primary_exp	go to state 65



state 92

    relational_exp  ->  relational_exp TGREAT . additive_exp   (rule 72)

    TIDENT	shift, and go to state 35
    TNUMBER	shift, and go to state 36
    TFNUMBER	shift, and go to state 37
    TINC	shift, and go to state 41
    TDEC	shift, and go to state 42
    TMINUS	shift, and go to state 43
    TNOT	shift, and go to state 44
    TLPAREN	shift, and go to state 45

    additive_exp	go to state 124
    multiplicative_exp	go to state 62
    unary_exp	go to state 120
    postfix_exp	go to state 64
    primary_exp	go to state 65



state 93

    relational_exp  ->  relational_exp TLESS . additive_exp   (rule 73)

    TIDENT	shift, and go to state 35
    TNUMBER	shift, and go to state 36
    TFNUMBER	shift, and go to state 37
    TINC	shift, and go to state 41
    TDEC	shift, and go to state 42
    TMINUS	shift, and go to state 43
    TNOT	shift, and go to state 44
    TLPAREN	shift, and go to state 45

    additive_exp	go to state 125
    multiplicative_exp	go to state 62
    unary_exp	go to state 120
    postfix_exp	go to state 64
    primary_exp	go to state 65



state 94

    relational_exp  ->  relational_exp TGREATE . additive_exp   (rule 74)

    TIDENT	shift, and go to state 35
    TNUMBER	shift, and go to state 36
    TFNUMBER	shift, and go to state 37
    TINC	shift, and go to state 41
    TDEC	shift, and go to state 42
    TMINUS	shift, and go to state 43
    TNOT	shift, and go to state 44
    TLPAREN	shift, and go to state 45

    additive_exp	go to state 126
    multiplicative_exp	go to state 62
    unary_exp	go to state 120
    postfix_exp	go to state 64
    primary_exp	go to state 65



state 95

    relational_exp  ->  relational_exp TLESSE . additive_exp   (rule 75)

    TIDENT	shift, and go to state 35
    TNUMBER	shift, and go to state 36
    TFNUMBER	shift, and go to state 37
    TINC	shift, and go to state 41
    TDEC	shift, and go to state 42
    TMINUS	shift, and go to state 43
    TNOT	shift, and go to state 44
    TLPAREN	shift, and go to state 45

    additive_exp	go to state 127
    multiplicative_exp	go to state 62
    unary_exp	go to state 120
    postfix_exp	go to state 64
    primary_exp	go to state 65



state 96

    additive_exp  ->  additive_exp TPLUS . multiplicative_exp   (rule 77)

    TIDENT	shift, and go to state 35
    TNUMBER	shift, and go to state 36
    TFNUMBER	shift, and go to state 37
    TINC	shift, and go to state 41
    TDEC	shift, and go to state 42
    TMINUS	shift, and go to state 43
    TNOT	shift, and go to state 44
    TLPAREN	shift, and go to state 45

    multiplicative_exp	go to state 128
    unary_exp	go to state 120
    postfix_exp	go to state 64
    primary_exp	go to state 65



state 97

    additive_exp  ->  additive_exp TMINUS . multiplicative_exp   (rule 78)

    TIDENT	shift, and go to state 35
    TNUMBER	shift, and go to state 36
    TFNUMBER	shift, and go to state 37
    TINC	shift, and go to state 41
    TDEC	shift, and go to state 42
    TMINUS	shift, and go to state 43
    TNOT	shift, and go to state 44
    TLPAREN	shift, and go to state 45

    multiplicative_exp	go to state 129
    unary_exp	go to state 120
    postfix_exp	go to state 64
    primary_exp	go to state 65



state 98

    multiplicative_exp  ->  multiplicative_exp TMUL . unary_exp   (rule 80)

    TIDENT	shift, and go to state 35
    TNUMBER	shift, and go to state 36
    TFNUMBER	shift, and go to state 37
    TINC	shift, and go to state 41
    TDEC	shift, and go to state 42
    TMINUS	shift, and go to state 43
    TNOT	shift, and go to state 44
    TLPAREN	shift, and go to state 45

    unary_exp	go to state 130
    postfix_exp	go to state 64
    primary_exp	go to state 65



state 99

    multiplicative_exp  ->  multiplicative_exp TDIV . unary_exp   (rule 81)

    TIDENT	shift, and go to state 35
    TNUMBER	shift, and go to state 36
    TFNUMBER	shift, and go to state 37
    TINC	shift, and go to state 41
    TDEC	shift, and go to state 42
    TMINUS	shift, and go to state 43
    TNOT	shift, and go to state 44
    TLPAREN	shift, and go to state 45

    unary_exp	go to state 131
    postfix_exp	go to state 64
    primary_exp	go to state 65



state 100

    multiplicative_exp  ->  multiplicative_exp TMOD . unary_exp   (rule 82)

    TIDENT	shift, and go to state 35
    TNUMBER	shift, and go to state 36
    TFNUMBER	shift, and go to state 37
    TINC	shift, and go to state 41
    TDEC	shift, and go to state 42
    TMINUS	shift, and go to state 43
    TNOT	shift, and go to state 44
    TLPAREN	shift, and go to state 45

    unary_exp	go to state 132
    postfix_exp	go to state 64
    primary_exp	go to state 65



state 101

    assignment_exp  ->  unary_exp TADDASSIGN . assignment_exp   (rule 59)

    TIDENT	shift, and go to state 35
    TNUMBER	shift, and go to state 36
    TFNUMBER	shift, and go to state 37
    TINC	shift, and go to state 41
    TDEC	shift, and go to state 42
    TMINUS	shift, and go to state 43
    TNOT	shift, and go to state 44
    TLPAREN	shift, and go to state 45

    assignment_exp	go to state 133
    logical_or_exp	go to state 57
    logical_and_exp	go to state 58
    equality_exp	go to state 59
    relational_exp	go to state 60
    additive_exp	go to state 61
    multiplicative_exp	go to state 62
    unary_exp	go to state 63
    postfix_exp	go to state 64
    primary_exp	go to state 65



state 102

    assignment_exp  ->  unary_exp TSUBASSIGN . assignment_exp   (rule 60)

    TIDENT	shift, and go to state 35
    TNUMBER	shift, and go to state 36
    TFNUMBER	shift, and go to state 37
    TINC	shift, and go to state 41
    TDEC	shift, and go to state 42
    TMINUS	shift, and go to state 43
    TNOT	shift, and go to state 44
    TLPAREN	shift, and go to state 45

    assignment_exp	go to state 134
    logical_or_exp	go to state 57
    logical_and_exp	go to state 58
    equality_exp	go to state 59
    relational_exp	go to state 60
    additive_exp	go to state 61
    multiplicative_exp	go to state 62
    unary_exp	go to state 63
    postfix_exp	go to state 64
    primary_exp	go to state 65



state 103

    assignment_exp  ->  unary_exp TMULASSIGN . assignment_exp   (rule 61)

    TIDENT	shift, and go to state 35
    TNUMBER	shift, and go to state 36
    TFNUMBER	shift, and go to state 37
    TINC	shift, and go to state 41
    TDEC	shift, and go to state 42
    TMINUS	shift, and go to state 43
    TNOT	shift, and go to state 44
    TLPAREN	shift, and go to state 45

    assignment_exp	go to state 135
    logical_or_exp	go to state 57
    logical_and_exp	go to state 58
    equality_exp	go to state 59
    relational_exp	go to state 60
    additive_exp	go to state 61
    multiplicative_exp	go to state 62
    unary_exp	go to state 63
    postfix_exp	go to state 64
    primary_exp	go to state 65



state 104

    assignment_exp  ->  unary_exp TDIVASSGIN . assignment_exp   (rule 62)

    TIDENT	shift, and go to state 35
    TNUMBER	shift, and go to state 36
    TFNUMBER	shift, and go to state 37
    TINC	shift, and go to state 41
    TDEC	shift, and go to state 42
    TMINUS	shift, and go to state 43
    TNOT	shift, and go to state 44
    TLPAREN	shift, and go to state 45

    assignment_exp	go to state 136
    logical_or_exp	go to state 57
    logical_and_exp	go to state 58
    equality_exp	go to state 59
    relational_exp	go to state 60
    additive_exp	go to state 61
    multiplicative_exp	go to state 62
    unary_exp	go to state 63
    postfix_exp	go to state 64
    primary_exp	go to state 65



state 105

    assignment_exp  ->  unary_exp TMODASSIGN . assignment_exp   (rule 63)

    TIDENT	shift, and go to state 35
    TNUMBER	shift, and go to state 36
    TFNUMBER	shift, and go to state 37
    TINC	shift, and go to state 41
    TDEC	shift, and go to state 42
    TMINUS	shift, and go to state 43
    TNOT	shift, and go to state 44
    TLPAREN	shift, and go to state 45

    assignment_exp	go to state 137
    logical_or_exp	go to state 57
    logical_and_exp	go to state 58
    equality_exp	go to state 59
    relational_exp	go to state 60
    additive_exp	go to state 61
    multiplicative_exp	go to state 62
    unary_exp	go to state 63
    postfix_exp	go to state 64
    primary_exp	go to state 65



state 106

    assignment_exp  ->  unary_exp TASSIGN . assignment_exp   (rule 58)

    TIDENT	shift, and go to state 35
    TNUMBER	shift, and go to state 36
    TFNUMBER	shift, and go to state 37
    TINC	shift, and go to state 41
    TDEC	shift, and go to state 42
    TMINUS	shift, and go to state 43
    TNOT	shift, and go to state 44
    TLPAREN	shift, and go to state 45

    assignment_exp	go to state 138
    logical_or_exp	go to state 57
    logical_and_exp	go to state 58
    equality_exp	go to state 59
    relational_exp	go to state 60
    additive_exp	go to state 61
    multiplicative_exp	go to state 62
    unary_exp	go to state 63
    postfix_exp	go to state 64
    primary_exp	go to state 65



state 107

    postfix_exp  ->  postfix_exp TINC .   (rule 91)

    $default	reduce using rule 91 (postfix_exp)



state 108

    postfix_exp  ->  postfix_exp TDEC .   (rule 92)

    $default	reduce using rule 92 (postfix_exp)



state 109

    postfix_exp  ->  postfix_exp TLPAREN . opt_actual_param TRPAREN   (rule 90)

    TIDENT	shift, and go to state 35
    TNUMBER	shift, and go to state 36
    TFNUMBER	shift, and go to state 37
    TINC	shift, and go to state 41
    TDEC	shift, and go to state 42
    TMINUS	shift, and go to state 43
    TNOT	shift, and go to state 44
    TLPAREN	shift, and go to state 45

    $default	reduce using rule 94 (opt_actual_param)

    assignment_exp	go to state 139
    logical_or_exp	go to state 57
    logical_and_exp	go to state 58
    equality_exp	go to state 59
    relational_exp	go to state 60
    additive_exp	go to state 61
    multiplicative_exp	go to state 62
    unary_exp	go to state 63
    postfix_exp	go to state 64
    opt_actual_param	go to state 140
    actual_param	go to state 141
    actual_param_list	go to state 142
    primary_exp	go to state 65



state 110

    postfix_exp  ->  postfix_exp TLBRACKET . expression TRBRACKET   (rule 89)

    TIDENT	shift, and go to state 35
    TNUMBER	shift, and go to state 36
    TFNUMBER	shift, and go to state 37
    TINC	shift, and go to state 41
    TDEC	shift, and go to state 42
    TMINUS	shift, and go to state 43
    TNOT	shift, and go to state 44
    TLPAREN	shift, and go to state 45

    expression	go to state 143
    assignment_exp	go to state 56
    logical_or_exp	go to state 57
    logical_and_exp	go to state 58
    equality_exp	go to state 59
    relational_exp	go to state 60
    additive_exp	go to state 61
    multiplicative_exp	go to state 62
    unary_exp	go to state 63
    postfix_exp	go to state 64
    primary_exp	go to state 65



state 111

    declarator  ->  TIDENT TLBRACKET opt_number TRBRACKET .   (rule 36)

    $default	reduce using rule 36 (declarator)



state 112

    param_dcl  ->  dcl_spec declarator .   (rule 23)

    $default	reduce using rule 23 (param_dcl)



state 113

    formal_param  ->  TLPAREN opt_formal_param TRPAREN .   (rule 18)

    $default	reduce using rule 18 (formal_param)



state 114

    formal_param_list  ->  formal_param_list TCOMMA . param_dcl   (rule 22)

    TFNUMBER	shift, and go to state 1
    TCONST	shift, and go to state 2
    TINT	shift, and go to state 3
    TVOID	shift, and go to state 4

    dcl_spec	go to state 70
    dcl_specifiers	go to state 10
    dcl_specifier	go to state 11
    type_qualifier	go to state 12
    type_specifier	go to state 13
    param_dcl	go to state 144



state 115

    if_st  ->  TIF TLPAREN expression . TRPAREN statement   (rule 52)
    if_st  ->  TIF TLPAREN expression . TRPAREN statement TELSE statement   (rule 53)

    TRPAREN	shift, and go to state 145



state 116

    return_st  ->  TRETURN opt_expression TSEMICOLON .   (rule 55)

    $default	reduce using rule 55 (return_st)



state 117

    while_st  ->  TWHILE TLPAREN expression . TRPAREN statement   (rule 54)

    TRPAREN	shift, and go to state 146



state 118

    primary_exp  ->  TLPAREN expression TRPAREN .   (rule 101)

    $default	reduce using rule 101 (primary_exp)



state 119

    logical_or_exp  ->  logical_or_exp TOR logical_and_exp .   (rule 65)
    logical_and_exp  ->  logical_and_exp . TAND equality_exp   (rule 67)

    TAND	shift, and go to state 89

    $default	reduce using rule 65 (logical_or_exp)



state 120

    multiplicative_exp  ->  unary_exp .   (rule 79)

    $default	reduce using rule 79 (multiplicative_exp)



state 121

    logical_and_exp  ->  logical_and_exp TAND equality_exp .   (rule 67)
    equality_exp  ->  equality_exp . TEQUAL relational_exp   (rule 69)
    equality_exp  ->  equality_exp . TNOTEQU relational_exp   (rule 70)

    TEQUAL	shift, and go to state 90
    TNOTEQU	shift, and go to state 91

    $default	reduce using rule 67 (logical_and_exp)



state 122

    equality_exp  ->  equality_exp TEQUAL relational_exp .   (rule 69)
    relational_exp  ->  relational_exp . TGREAT additive_exp   (rule 72)
    relational_exp  ->  relational_exp . TLESS additive_exp   (rule 73)
    relational_exp  ->  relational_exp . TGREATE additive_exp   (rule 74)
    relational_exp  ->  relational_exp . TLESSE additive_exp   (rule 75)

    TGREAT	shift, and go to state 92
    TLESS	shift, and go to state 93
    TGREATE	shift, and go to state 94
    TLESSE	shift, and go to state 95

    $default	reduce using rule 69 (equality_exp)



state 123

    equality_exp  ->  equality_exp TNOTEQU relational_exp .   (rule 70)
    relational_exp  ->  relational_exp . TGREAT additive_exp   (rule 72)
    relational_exp  ->  relational_exp . TLESS additive_exp   (rule 73)
    relational_exp  ->  relational_exp . TGREATE additive_exp   (rule 74)
    relational_exp  ->  relational_exp . TLESSE additive_exp   (rule 75)

    TGREAT	shift, and go to state 92
    TLESS	shift, and go to state 93
    TGREATE	shift, and go to state 94
    TLESSE	shift, and go to state 95

    $default	reduce using rule 70 (equality_exp)



state 124

    relational_exp  ->  relational_exp TGREAT additive_exp .   (rule 72)
    additive_exp  ->  additive_exp . TPLUS multiplicative_exp   (rule 77)
    additive_exp  ->  additive_exp . TMINUS multiplicative_exp   (rule 78)

    TPLUS	shift, and go to state 96
    TMINUS	shift, and go to state 97

    $default	reduce using rule 72 (relational_exp)



state 125

    relational_exp  ->  relational_exp TLESS additive_exp .   (rule 73)
    additive_exp  ->  additive_exp . TPLUS multiplicative_exp   (rule 77)
    additive_exp  ->  additive_exp . TMINUS multiplicative_exp   (rule 78)

    TPLUS	shift, and go to state 96
    TMINUS	shift, and go to state 97

    $default	reduce using rule 73 (relational_exp)



state 126

    relational_exp  ->  relational_exp TGREATE additive_exp .   (rule 74)
    additive_exp  ->  additive_exp . TPLUS multiplicative_exp   (rule 77)
    additive_exp  ->  additive_exp . TMINUS multiplicative_exp   (rule 78)

    TPLUS	shift, and go to state 96
    TMINUS	shift, and go to state 97

    $default	reduce using rule 74 (relational_exp)



state 127

    relational_exp  ->  relational_exp TLESSE additive_exp .   (rule 75)
    additive_exp  ->  additive_exp . TPLUS multiplicative_exp   (rule 77)
    additive_exp  ->  additive_exp . TMINUS multiplicative_exp   (rule 78)

    TPLUS	shift, and go to state 96
    TMINUS	shift, and go to state 97

    $default	reduce using rule 75 (relational_exp)



state 128

    additive_exp  ->  additive_exp TPLUS multiplicative_exp .   (rule 77)
    multiplicative_exp  ->  multiplicative_exp . TMUL unary_exp   (rule 80)
    multiplicative_exp  ->  multiplicative_exp . TDIV unary_exp   (rule 81)
    multiplicative_exp  ->  multiplicative_exp . TMOD unary_exp   (rule 82)

    TMUL	shift, and go to state 98
    TDIV	shift, and go to state 99
    TMOD	shift, and go to state 100

    $default	reduce using rule 77 (additive_exp)



state 129

    additive_exp  ->  additive_exp TMINUS multiplicative_exp .   (rule 78)
    multiplicative_exp  ->  multiplicative_exp . TMUL unary_exp   (rule 80)
    multiplicative_exp  ->  multiplicative_exp . TDIV unary_exp   (rule 81)
    multiplicative_exp  ->  multiplicative_exp . TMOD unary_exp   (rule 82)

    TMUL	shift, and go to state 98
    TDIV	shift, and go to state 99
    TMOD	shift, and go to state 100

    $default	reduce using rule 78 (additive_exp)



state 130

    multiplicative_exp  ->  multiplicative_exp TMUL unary_exp .   (rule 80)

    $default	reduce using rule 80 (multiplicative_exp)



state 131

    multiplicative_exp  ->  multiplicative_exp TDIV unary_exp .   (rule 81)

    $default	reduce using rule 81 (multiplicative_exp)



state 132

    multiplicative_exp  ->  multiplicative_exp TMOD unary_exp .   (rule 82)

    $default	reduce using rule 82 (multiplicative_exp)



state 133

    assignment_exp  ->  unary_exp TADDASSIGN assignment_exp .   (rule 59)

    $default	reduce using rule 59 (assignment_exp)



state 134

    assignment_exp  ->  unary_exp TSUBASSIGN assignment_exp .   (rule 60)

    $default	reduce using rule 60 (assignment_exp)



state 135

    assignment_exp  ->  unary_exp TMULASSIGN assignment_exp .   (rule 61)

    $default	reduce using rule 61 (assignment_exp)



state 136

    assignment_exp  ->  unary_exp TDIVASSGIN assignment_exp .   (rule 62)

    $default	reduce using rule 62 (assignment_exp)



state 137

    assignment_exp  ->  unary_exp TMODASSIGN assignment_exp .   (rule 63)

    $default	reduce using rule 63 (assignment_exp)



state 138

    assignment_exp  ->  unary_exp TASSIGN assignment_exp .   (rule 58)

    $default	reduce using rule 58 (assignment_exp)



state 139

    actual_param_list  ->  assignment_exp .   (rule 96)

    $default	reduce using rule 96 (actual_param_list)



state 140

    postfix_exp  ->  postfix_exp TLPAREN opt_actual_param . TRPAREN   (rule 90)

    TRPAREN	shift, and go to state 147



state 141

    opt_actual_param  ->  actual_param .   (rule 93)

    $default	reduce using rule 93 (opt_actual_param)



state 142

    actual_param  ->  actual_param_list .   (rule 95)
    actual_param_list  ->  actual_param_list . TCOMMA assignment_exp   (rule 97)

    TCOMMA	shift, and go to state 148

    $default	reduce using rule 95 (actual_param)



state 143

    postfix_exp  ->  postfix_exp TLBRACKET expression . TRBRACKET   (rule 89)

    TRBRACKET	shift, and go to state 149



state 144

    formal_param_list  ->  formal_param_list TCOMMA param_dcl .   (rule 22)

    $default	reduce using rule 22 (formal_param_list)



state 145

    if_st  ->  TIF TLPAREN expression TRPAREN . statement   (rule 52)
    if_st  ->  TIF TLPAREN expression TRPAREN . statement TELSE statement   (rule 53)

    TIDENT	shift, and go to state 35
    TNUMBER	shift, and go to state 36
    TFNUMBER	shift, and go to state 37
    TIF 	shift, and go to state 38
    TRETURN	shift, and go to state 39
    TWHILE	shift, and go to state 40
    TINC	shift, and go to state 41
    TDEC	shift, and go to state 42
    TMINUS	shift, and go to state 43
    TNOT	shift, and go to state 44
    TLPAREN	shift, and go to state 45
    TLBRACE	shift, and go to state 16

    $default	reduce using rule 51 (opt_expression)

    compound_st	go to state 46
    statement	go to state 150
    expression_st	go to state 50
    opt_expression	go to state 51
    if_st	go to state 52
    while_st	go to state 53
    return_st	go to state 54
    expression	go to state 55
    assignment_exp	go to state 56
    logical_or_exp	go to state 57
    logical_and_exp	go to state 58
    equality_exp	go to state 59
    relational_exp	go to state 60
    additive_exp	go to state 61
    multiplicative_exp	go to state 62
    unary_exp	go to state 63
    postfix_exp	go to state 64
    primary_exp	go to state 65



state 146

    while_st  ->  TWHILE TLPAREN expression TRPAREN . statement   (rule 54)

    TIDENT	shift, and go to state 35
    TNUMBER	shift, and go to state 36
    TFNUMBER	shift, and go to state 37
    TIF 	shift, and go to state 38
    TRETURN	shift, and go to state 39
    TWHILE	shift, and go to state 40
    TINC	shift, and go to state 41
    TDEC	shift, and go to state 42
    TMINUS	shift, and go to state 43
    TNOT	shift, and go to state 44
    TLPAREN	shift, and go to state 45
    TLBRACE	shift, and go to state 16

    $default	reduce using rule 51 (opt_expression)

    compound_st	go to state 46
    statement	go to state 151
    expression_st	go to state 50
    opt_expression	go to state 51
    if_st	go to state 52
    while_st	go to state 53
    return_st	go to state 54
    expression	go to state 55
    assignment_exp	go to state 56
    logical_or_exp	go to state 57
    logical_and_exp	go to state 58
    equality_exp	go to state 59
    relational_exp	go to state 60
    additive_exp	go to state 61
    multiplicative_exp	go to state 62
    unary_exp	go to state 63
    postfix_exp	go to state 64
    primary_exp	go to state 65



state 147

    postfix_exp  ->  postfix_exp TLPAREN opt_actual_param TRPAREN .   (rule 90)

    $default	reduce using rule 90 (postfix_exp)



state 148

    actual_param_list  ->  actual_param_list TCOMMA . assignment_exp   (rule 97)

    TIDENT	shift, and go to state 35
    TNUMBER	shift, and go to state 36
    TFNUMBER	shift, and go to state 37
    TINC	shift, and go to state 41
    TDEC	shift, and go to state 42
    TMINUS	shift, and go to state 43
    TNOT	shift, and go to state 44
    TLPAREN	shift, and go to state 45

    assignment_exp	go to state 152
    logical_or_exp	go to state 57
    logical_and_exp	go to state 58
    equality_exp	go to state 59
    relational_exp	go to state 60
    additive_exp	go to state 61
    multiplicative_exp	go to state 62
    unary_exp	go to state 63
    postfix_exp	go to state 64
    primary_exp	go to state 65



state 149

    postfix_exp  ->  postfix_exp TLBRACKET expression TRBRACKET .   (rule 89)

    $default	reduce using rule 89 (postfix_exp)



state 150

    if_st  ->  TIF TLPAREN expression TRPAREN statement .   (rule 52)
    if_st  ->  TIF TLPAREN expression TRPAREN statement . TELSE statement   (rule 53)

    TELSE	shift, and go to state 153

    $default	reduce using rule 52 (if_st)



state 151

    while_st  ->  TWHILE TLPAREN expression TRPAREN statement .   (rule 54)

    $default	reduce using rule 54 (while_st)



state 152

    actual_param_list  ->  actual_param_list TCOMMA assignment_exp .   (rule 97)

    $default	reduce using rule 97 (actual_param_list)



state 153

    if_st  ->  TIF TLPAREN expression TRPAREN statement TELSE . statement   (rule 53)

    TIDENT	shift, and go to state 35
    TNUMBER	shift, and go to state 36
    TFNUMBER	shift, and go to state 37
    TIF 	shift, and go to state 38
    TRETURN	shift, and go to state 39
    TWHILE	shift, and go to state 40
    TINC	shift, and go to state 41
    TDEC	shift, and go to state 42
    TMINUS	shift, and go to state 43
    TNOT	shift, and go to state 44
    TLPAREN	shift, and go to state 45
    TLBRACE	shift, and go to state 16

    $default	reduce using rule 51 (opt_expression)

    compound_st	go to state 46
    statement	go to state 154
    expression_st	go to state 50
    opt_expression	go to state 51
    if_st	go to state 52
    while_st	go to state 53
    return_st	go to state 54
    expression	go to state 55
    assignment_exp	go to state 56
    logical_or_exp	go to state 57
    logical_and_exp	go to state 58
    equality_exp	go to state 59
    relational_exp	go to state 60
    additive_exp	go to state 61
    multiplicative_exp	go to state 62
    unary_exp	go to state 63
    postfix_exp	go to state 64
    primary_exp	go to state 65



state 154

    if_st  ->  TIF TLPAREN expression TRPAREN statement TELSE statement .   (rule 53)

    $default	reduce using rule 53 (if_st)



state 155

    $   	go to state 156



state 156

    $   	go to state 157



state 157

    $default	accept
